0 info it worked if it ends with ok
1 verbose cli [ 'C:\\Program Files\\nodejs\\node.exe',
1 verbose cli   'C:\\Program Files\\nodejs\\node_modules\\npm\\bin\\npm-cli.js',
1 verbose cli   'start' ]
2 info using npm@3.10.10
3 info using node@v6.10.0
4 verbose run-script [ 'prestart', 'start', 'poststart' ]
5 info lifecycle redux-learning@1.0.0~prestart: redux-learning@1.0.0
6 silly lifecycle redux-learning@1.0.0~prestart: no script for prestart, continuing
7 info lifecycle redux-learning@1.0.0~start: redux-learning@1.0.0
8 verbose lifecycle redux-learning@1.0.0~start: unsafe-perm in lifecycle true
9 verbose lifecycle redux-learning@1.0.0~start: PATH: C:\Program Files\nodejs\node_modules\npm\bin\node-gyp-bin;C:\Users\UFO\Desktop\redux-learning\node_modules\.bin;C:\WINDOWS\system32;C:\WINDOWS;C:\WINDOWS\System32\Wbem;C:\WINDOWS\System32\WindowsPowerShell\v1.0\;C:\Program Files\Java\jdk1.7.0_79\bin;D:\oracle\instantclient_12_1;C:\Program Files\TortoiseSVN\bin;D:\apache-maven-3.2.1\bin ;C:\Users\UFO\AppData\Roaming\nvm;C:\Program Files\nodejs;C:\Program Files\Git\cmd;C:\Program Files\nodejs\;C:\Users\UFO\AppData\Local\Microsoft\WindowsApps;C:\Users\UFO\AppData\Roaming\nvm;C:\Program Files\nodejs;C:\kuaijie;C:\Users\UFO\AppData\Roaming\npm
10 verbose lifecycle redux-learning@1.0.0~start: CWD: C:\Users\UFO\Desktop\redux-learning
11 silly lifecycle redux-learning@1.0.0~start: Args: [ '/d /s /c', 'node dev.js' ]
12 silly lifecycle redux-learning@1.0.0~start: Returned: code: 3221225786  signal: null
13 info lifecycle redux-learning@1.0.0~start: Failed to exec start script
14 verbose stack Error: redux-learning@1.0.0 start: `node dev.js`
14 verbose stack Exit status 3221225786
14 verbose stack     at EventEmitter.<anonymous> (C:\Program Files\nodejs\node_modules\npm\lib\utils\lifecycle.js:255:16)
14 verbose stack     at emitTwo (events.js:106:13)
14 verbose stack     at EventEmitter.emit (events.js:191:7)
14 verbose stack     at ChildProcess.<anonymous> (C:\Program Files\nodejs\node_modules\npm\lib\utils\spawn.js:40:14)
14 verbose stack     at emitTwo (events.js:106:13)
14 verbose stack     at ChildProcess.emit (events.js:191:7)
14 verbose stack     at maybeClose (internal/child_process.js:877:16)
14 verbose stack     at Process.ChildProcess._handle.onexit (internal/child_process.js:226:5)
15 verbose pkgid redux-learning@1.0.0
16 verbose cwd C:\Users\UFO\Desktop\redux-learning
17 error Windows_NT 10.0.14393
18 error argv "C:\\Program Files\\nodejs\\node.exe" "C:\\Program Files\\nodejs\\node_modules\\npm\\bin\\npm-cli.js" "start"
19 error node v6.10.0
20 error npm  v3.10.10
21 error code ELIFECYCLE
22 error redux-learning@1.0.0 start: `node dev.js`
22 error Exit status 3221225786
23 error Failed at the redux-learning@1.0.0 start script 'node dev.js'.
23 error Make sure you have the latest version of node.js and npm installed.
23 error If you do, this is most likely a problem with the redux-learning package,
23 error not with npm itself.
23 error Tell the author that this fails on your system:
23 error     node dev.js
23 error You can get information on how to open an issue for this project with:
23 error     npm bugs redux-learning
23 error Or if that isn't available, you can get their info via:
23 error     npm owner ls redux-learning
23 error There is likely additional logging output above.
24 verbose exit [ 1, true ]
